GROUP,PACKAGE,CLASS,INSTRUCTION_MISSED,INSTRUCTION_COVERED,BRANCH_MISSED,BRANCH_COVERED,LINE_MISSED,LINE_COVERED,COMPLEXITY_MISSED,COMPLEXITY_COVERED,METHOD_MISSED,METHOD_COVERED
Person Information Management System,com.rabo.pims.service,PersonServiceImpl,145,316,9,17,26,67,8,14,0,9
Person Information Management System,com.rabo.pims.service,PetServiceImpl,78,258,4,8,23,65,4,8,0,6
Person Information Management System,com.rabo.pims.utils,Log4jManager,3,15,0,0,1,6,1,3,1,3
Person Information Management System,com.rabo.pims.utils,DataUtils,3,17,0,0,1,5,1,1,1,1
Person Information Management System,com.rabo.pims.controller,PetController,72,227,5,5,22,51,5,6,0,6
Person Information Management System,com.rabo.pims.controller,PersonController,130,261,6,8,37,64,6,7,0,6
